<?xml version="1.0" encoding="UTF-8"?>
<testsuite name="com.fincodehub.jpa.Test" tests="1" skipped="0" failures="0" errors="0" timestamp="2025-05-12T01:24:37.374Z" hostname="YANGJIAN" time="0.401">
  <properties/>
  <testcase name="test2()" classname="com.fincodehub.jpa.Test" time="0.401"/>
  <system-out><![CDATA[09:24:33.435 [Test worker] INFO org.springframework.test.context.support.AnnotationConfigContextLoaderUtils -- Could not detect default configuration classes for test class [com.fincodehub.jpa.Test]: Test does not declare any static, non-private, non-final, nested classes annotated with @Configuration.
09:24:33.511 [Test worker] INFO org.springframework.boot.test.context.SpringBootTestContextBootstrapper -- Found @SpringBootConfiguration com.fincodehub.jpa.JpaApplication for test class com.fincodehub.jpa.Test

  .   ____          _            __ _ _
 /\\ / ___'_ __ _ _(_)_ __  __ _ \ \ \ \
( ( )\___ | '_ | '_| | '_ \/ _` | \ \ \ \
 \\/  ___)| |_)| | | | | || (_| |  ) ) ) )
  '  |____| .__|_| |_|_| |_\__, | / / / /
 =========|_|==============|___/=/_/_/_/

 :: Spring Boot ::                (v3.4.4)

2025-05-12T09:24:33.782+08:00  INFO 34096 --- [    Test worker] com.fincodehub.jpa.Test                  : Starting Test using Java 17.0.5 with PID 34096 (started by ASUS in D:\MyProject\IDEA\SpringbootExample\spring-boot3-jpa)
2025-05-12T09:24:33.783+08:00  INFO 34096 --- [    Test worker] com.fincodehub.jpa.Test                  : No active profile set, falling back to 1 default profile: "default"
2025-05-12T09:24:34.288+08:00  INFO 34096 --- [    Test worker] .s.d.r.c.RepositoryConfigurationDelegate : Bootstrapping Spring Data JPA repositories in DEFAULT mode.
2025-05-12T09:24:34.345+08:00  INFO 34096 --- [    Test worker] .s.d.r.c.RepositoryConfigurationDelegate : Finished Spring Data repository scanning in 50 ms. Found 4 JPA repository interfaces.
2025-05-12T09:24:34.804+08:00  INFO 34096 --- [    Test worker] o.hibernate.jpa.internal.util.LogHelper  : HHH000204: Processing PersistenceUnitInfo [name: default]
2025-05-12T09:24:34.862+08:00  INFO 34096 --- [    Test worker] org.hibernate.Version                    : HHH000412: Hibernate ORM core version 6.6.11.Final
2025-05-12T09:24:34.885+08:00  INFO 34096 --- [    Test worker] o.h.c.internal.RegionFactoryInitiator    : HHH000026: Second-level cache disabled
2025-05-12T09:24:35.121+08:00  INFO 34096 --- [    Test worker] o.s.o.j.p.SpringPersistenceUnitInfo      : No LoadTimeWeaver setup: ignoring JPA class transformer
2025-05-12T09:24:35.139+08:00  INFO 34096 --- [    Test worker] com.zaxxer.hikari.HikariDataSource       : HikariPool-1 - Starting...
2025-05-12T09:24:35.239+08:00  INFO 34096 --- [    Test worker] com.zaxxer.hikari.pool.HikariPool        : HikariPool-1 - Added connection com.mysql.cj.jdbc.ConnectionImpl@6c75e3bc
2025-05-12T09:24:35.240+08:00  INFO 34096 --- [    Test worker] com.zaxxer.hikari.HikariDataSource       : HikariPool-1 - Start completed.
2025-05-12T09:24:35.266+08:00  WARN 34096 --- [    Test worker] org.hibernate.dialect.Dialect            : HHH000511: The 5.7.42 version for [org.hibernate.dialect.MySQLDialect] is no longer supported, hence certain features may not work properly. The minimum supported version is 8.0.0. Check the community dialects project for available legacy versions.
2025-05-12T09:24:35.278+08:00  INFO 34096 --- [    Test worker] org.hibernate.orm.connections.pooling    : HHH10001005: Database info:
	Database JDBC URL [Connecting through datasource 'HikariDataSource (HikariPool-1)']
	Database driver: undefined/unknown
	Database version: 5.7.42
	Autocommit mode: undefined/unknown
	Isolation level: undefined/unknown
	Minimum pool size: undefined/unknown
	Maximum pool size: undefined/unknown
2025-05-12T09:24:35.786+08:00  INFO 34096 --- [    Test worker] o.h.e.t.j.p.i.JtaPlatformInitiator       : HHH000489: No JTA platform available (set 'hibernate.transaction.jta.platform' to enable JTA platform integration)
2025-05-12T09:24:35.830+08:00  INFO 34096 --- [    Test worker] j.LocalContainerEntityManagerFactoryBean : Initialized JPA EntityManagerFactory for persistence unit 'default'
2025-05-12T09:24:36.043+08:00  INFO 34096 --- [    Test worker] o.s.d.j.r.query.QueryEnhancerFactory     : Hibernate is in classpath; If applicable, HQL parser will be used.
2025-05-12T09:24:36.853+08:00  WARN 34096 --- [    Test worker] JpaBaseConfiguration$JpaWebConfiguration : spring.jpa.open-in-view is enabled by default. Therefore, database queries may be performed during view rendering. Explicitly configure spring.jpa.open-in-view to disable this warning
2025-05-12T09:24:37.334+08:00  INFO 34096 --- [    Test worker] com.fincodehub.jpa.Test                  : Started Test in 3.722 seconds (process running for 4.511)
Hibernate: select lu1_0.id,lu1_0.nick_name,lu1_0.password,lu1_0.username from login_user lu1_0 where lu1_0.username like replace(?,'\\','\\\\') order by lu1_0.username desc limit ?,?
totalElements::1
content::1
LoginUser(id=55, username=a3, password=123456, nickName=cc123)
]]></system-out>
  <system-err><![CDATA[]]></system-err>
</testsuite>
